d:\farqa\documents\iut\t3\ap\projects\budget_restaurant\budget_r.3e3f8c1e\x64\debug\vc143.pdb
d:\farqa\documents\iut\t3\ap\projects\budget_restaurant\budget_r.3e3f8c1e\x64\debug\vc143.idb
d:\farqa\documents\iut\t3\ap\projects\budget_restaurant\budget_r.3e3f8c1e\x64\debug\app.nativecodeanalysis.sarif
d:\farqa\documents\iut\t3\ap\projects\budget_restaurant\budget_r.3e3f8c1e\x64\debug\app.nativecodeanalysis.xml
d:\farqa\documents\iut\t3\ap\projects\budget_restaurant\budget_r.3e3f8c1e\x64\debug\command.nativecodeanalysis.sarif
d:\farqa\documents\iut\t3\ap\projects\budget_restaurant\budget_r.3e3f8c1e\x64\debug\command.nativecodeanalysis.xml
d:\farqa\documents\iut\t3\ap\projects\budget_restaurant\budget_r.3e3f8c1e\x64\debug\main.nativecodeanalysis.sarif
d:\farqa\documents\iut\t3\ap\projects\budget_restaurant\budget_r.3e3f8c1e\x64\debug\main.nativecodeanalysis.xml
d:\farqa\documents\iut\t3\ap\projects\budget_restaurant\budget_r.3e3f8c1e\x64\debug\menu.nativecodeanalysis.sarif
d:\farqa\documents\iut\t3\ap\projects\budget_restaurant\budget_r.3e3f8c1e\x64\debug\menu.nativecodeanalysis.xml
d:\farqa\documents\iut\t3\ap\projects\budget_restaurant\budget_r.3e3f8c1e\x64\debug\order.nativecodeanalysis.sarif
d:\farqa\documents\iut\t3\ap\projects\budget_restaurant\budget_r.3e3f8c1e\x64\debug\order.nativecodeanalysis.xml
d:\farqa\documents\iut\t3\ap\projects\budget_restaurant\budget_r.3e3f8c1e\x64\debug\registry.nativecodeanalysis.sarif
d:\farqa\documents\iut\t3\ap\projects\budget_restaurant\budget_r.3e3f8c1e\x64\debug\registry.nativecodeanalysis.xml
d:\farqa\documents\iut\t3\ap\projects\budget_restaurant\budget_r.3e3f8c1e\x64\debug\registry.obj
d:\farqa\documents\iut\t3\ap\projects\budget_restaurant\budget_r.3e3f8c1e\x64\debug\order.obj
d:\farqa\documents\iut\t3\ap\projects\budget_restaurant\budget_r.3e3f8c1e\x64\debug\menu.obj
d:\farqa\documents\iut\t3\ap\projects\budget_restaurant\budget_r.3e3f8c1e\x64\debug\main.obj
d:\farqa\documents\iut\t3\ap\projects\budget_restaurant\budget_r.3e3f8c1e\x64\debug\command.obj
d:\farqa\documents\iut\t3\ap\projects\budget_restaurant\budget_r.3e3f8c1e\x64\debug\app.obj
d:\farqa\documents\iut\t3\ap\projects\budget_restaurant\x64\debug\budget_restaurant.exe
d:\farqa\documents\iut\t3\ap\projects\budget_restaurant\x64\debug\budget_restaurant.pdb
d:\farqa\documents\iut\t3\ap\projects\budget_restaurant\budget_r.3e3f8c1e\x64\debug\budget_restaurant.ilk
d:\farqa\documents\iut\t3\ap\projects\budget_restaurant\budget_r.3e3f8c1e\x64\debug\vc.nativecodeanalysis.all.xml
d:\farqa\documents\iut\t3\ap\projects\budget_restaurant\budget_r.3e3f8c1e\x64\debug\budget_r.3e3f8c1e.tlog\cl.command.1.tlog
d:\farqa\documents\iut\t3\ap\projects\budget_restaurant\budget_r.3e3f8c1e\x64\debug\budget_r.3e3f8c1e.tlog\cl.items.tlog
d:\farqa\documents\iut\t3\ap\projects\budget_restaurant\budget_r.3e3f8c1e\x64\debug\budget_r.3e3f8c1e.tlog\cl.read.1.tlog
d:\farqa\documents\iut\t3\ap\projects\budget_restaurant\budget_r.3e3f8c1e\x64\debug\budget_r.3e3f8c1e.tlog\cl.write.1.tlog
d:\farqa\documents\iut\t3\ap\projects\budget_restaurant\budget_r.3e3f8c1e\x64\debug\budget_r.3e3f8c1e.tlog\link.command.1.tlog
d:\farqa\documents\iut\t3\ap\projects\budget_restaurant\budget_r.3e3f8c1e\x64\debug\budget_r.3e3f8c1e.tlog\link.read.1.tlog
d:\farqa\documents\iut\t3\ap\projects\budget_restaurant\budget_r.3e3f8c1e\x64\debug\budget_r.3e3f8c1e.tlog\link.secondary.1.tlog
d:\farqa\documents\iut\t3\ap\projects\budget_restaurant\budget_r.3e3f8c1e\x64\debug\budget_r.3e3f8c1e.tlog\link.write.1.tlog
